C51 COMPILER V9.01   1602                                                                  12/02/2013 19:32:11 PAGE 1   


C51 COMPILER V9.01, COMPILATION OF MODULE 1602
OBJECT MODULE PLACED IN 1602.OBJ
COMPILER INVOKED BY: D:\软件\keil\C51\BIN\C51.EXE 1602.c BROWSE DEBUG OBJECTEXTEND

line level    source

   1          /*-----------------------------------------------
   2            名称：LCD1602
   3            编写：wangshiyu
   4            日期：2013.11.25
   5            修改：无
   6            内容：
   7            引脚定义如下：1-VSS 2-VDD 3-V0 4-RS 5-R/W 6-E 7-14 DB0-DB7 15-BLA 16-BLK
   8          ------------------------------------------------*/
   9          #include "1602.h"
  10          #include <reg52.h>
  11          
  12          
  13          
  14          /*------------------------------------------------
  15                        判忙函数
  16          ------------------------------------------------*/
  17           bit LCD_Check_Busy(void) 
  18           { 
  19   1      #ifdef CHECK_BUSY
  20   1       DataPort= 0xFF; 
  21   1       RS_CLR; 
  22   1       RW_SET; 
  23   1       EN_CLR; 
  24   1       
  25   1       EN_SET;
  26   1       return (bit)(DataPort & 0x80);
  27   1      #else
               return 0;
              #endif
  30   1       }
  31          /*------------------------------------------------
  32                        写入命令函数
  33          ------------------------------------------------*/
  34           void LCD_Write_Com(unsigned char com) 
  35           {  
  36   1       while(LCD_Check_Busy()); //忙则等待
  37   1       RS_CLR; 
  38   1       RW_CLR; 
  39   1       EN_SET; 
  40   1       DataPort= com; 
  41   1      
  42   1       EN_CLR;
  43   1       }
  44          /*------------------------------------------------
  45                        写入数据函数
  46          ------------------------------------------------*/
  47           void LCD_Write_Data(unsigned char Data) 
  48           { 
  49   1       while(LCD_Check_Busy()); //忙则等待
  50   1       RS_SET; 
  51   1       RW_CLR; 
  52   1       EN_SET; 
  53   1       DataPort= Data; 
  54   1      
  55   1       EN_CLR;
C51 COMPILER V9.01   1602                                                                  12/02/2013 19:32:11 PAGE 2   

  56   1       }
  57          
  58          /*------------------------------------------------
  59                          清屏函数
  60          ------------------------------------------------*/
  61           void LCD_Clear(void) 
  62           { 
  63   1       LCD_Write_Com(0x01); 
  64   1       DelayMs(5);
  65   1       }
  66          /*------------------------------------------------
  67                        写入字符串函数
  68          ------------------------------------------------*/
  69           void LCD_Write_String(unsigned char x,unsigned char y,unsigned char *s) 
  70           {     
  71   1             
  72   1       while (*s) 
  73   1              {     
  74   2       LCD_Write_Char(x,y,*s);     
  75   2       s ++;  x++;   
  76   2              }
  77   1       }
  78          /*------------------------------------------------
  79                        写入字符函数
  80          ------------------------------------------------*/
  81          void LCD_Write_Char(unsigned char x,unsigned char y,unsigned char Data) 
  82           {     
  83   1       if (y == 0) 
  84   1              {     
  85   2              LCD_Write_Com(0x80 + x);     
  86   2              }    
  87   1       else 
  88   1              {     
  89   2              LCD_Write_Com(0xC0 + x);     
  90   2              }        
  91   1       LCD_Write_Data( Data);  
  92   1       }
  93          /*------------------------------------------------
  94                        初始化函数
  95          ------------------------------------------------*/
  96           void LCD_Init(void) 
  97           {
  98   1         LCD_Write_Com(0x38);    /*显示模式设置*/ 
  99   1         DelayMs(5); 
 100   1         LCD_Write_Com(0x38); 
 101   1         DelayMs(5); 
 102   1         LCD_Write_Com(0x38); 
 103   1         DelayMs(5); 
 104   1         LCD_Write_Com(0x38);  
 105   1         LCD_Write_Com(0x08);    /*显示关闭*/ 
 106   1         LCD_Write_Com(0x01);    /*显示清屏*/ 
 107   1         LCD_Write_Com(0x06);    /*显示光标移动设置*/ 
 108   1         DelayMs(5); 
 109   1         LCD_Write_Com(0x0C);    /*显示开及光标设置*/
 110   1         }
 111             
 112           void Show(unsigned char k,unsigned char a,unsigned char dat)
 113          {
 114   1          unsigned char i, j=0;
 115   1          unsigned char buf[6];
 116   1              unsigned char vcode[]={'0','1','2','3','4','5','6','7','8','9'};
 117   1          // 整形数转换为BCD码 
C51 COMPILER V9.01   1602                                                                  12/02/2013 19:32:11 PAGE 3   

 118   1          i = 0;
 119   1          do {
 120   2              buf[i] = dat%10;
 121   2              dat /= 10;
 122   2              i++;
 123   2              if (i >= 6) {
 124   3                  break;
 125   3              }
 126   2          } while (dat>0);
 127   1      
 128   1          
 129   1          //显示在1602上 /
 130   1                 
 131   1                for (j;j<i;j++) 
 132   1              {
 133   2                 LCD_Write_Char(k,a,vcode[buf[i-j-1]]);
 134   2                 k++;
 135   2                  }
 136   1          
 137   1      }
 138          
 139           void DelayMs(unsigned char i)
 140            {
 141   1        while (i--);
 142   1        }


MODULE INFORMATION:   STATIC OVERLAYABLE
   CODE SIZE        =    275    ----
   CONSTANT SIZE    =     10    ----
   XDATA SIZE       =   ----    ----
   PDATA SIZE       =   ----    ----
   DATA SIZE        =   ----      25
   IDATA SIZE       =   ----    ----
   BIT SIZE         =   ----    ----
END OF MODULE INFORMATION.


C51 COMPILATION COMPLETE.  0 WARNING(S),  0 ERROR(S)
