C51 COMPILER V9.01   BUJINDIANJI                                                           12/02/2013 19:32:12 PAGE 1   


C51 COMPILER V9.01, COMPILATION OF MODULE BUJINDIANJI
OBJECT MODULE PLACED IN bujindianji.OBJ
COMPILER INVOKED BY: D:\Èí¼þ\keil\C51\BIN\C51.EXE bujindianji.c BROWSE DEBUG OBJECTEXTEND

line level    source

   1          #include <reg52.h>
   2          #include "bujindianji.h"
   3          
   4          void bujin(bit on,bit lifrit)
   5          {
   6   1        if(on)
   7   1        {
   8   2              if(lifrit)
   9   2              {
  10   3              if(ba>7)
  11   3              ba=0;
  12   3              if(bb>7)
  13   3              bb=0;      
  14   3      
  15   3              if(bc>7)
  16   3              bc=0;
  17   3              if(bd>7)
  18   3              bd=0;
  19   3              A1=BJ[ba];
  20   3              B1=BJ[bb];
  21   3              C1=BJ[bc];
  22   3              D1=BJ[bd];
  23   3              ba++;bb++;bc++;bd++;
  24   3          }
  25   2              else
  26   2               {
  27   3                A1=BJ[ba];
  28   3                B1=BJ[bb];
  29   3                C1=BJ[bc];
  30   3                D1=BJ[bd];
  31   3              if(ba==0)
  32   3              ba=8;
  33   3              if(bb==0)
  34   3              bb=8;
  35   3              if(bc==0)
  36   3              bc=8;
  37   3              if(bd==0)
  38   3              bd=8;    
  39   3        ba--;bb--;bc--;bd--;
  40   3               }
  41   2      
  42   2        }
  43   1       else
  44   1         {
  45   2         A1=0;
  46   2         B1=0;
  47   2         C1=0;
  48   2         D1=0;
  49   2         }
  50   1      }


MODULE INFORMATION:   STATIC OVERLAYABLE
   CODE SIZE        =    166    ----
   CONSTANT SIZE    =      8    ----
C51 COMPILER V9.01   BUJINDIANJI                                                           12/02/2013 19:32:12 PAGE 2   

   XDATA SIZE       =   ----    ----
   PDATA SIZE       =   ----    ----
   DATA SIZE        =      4    ----
   IDATA SIZE       =   ----    ----
   BIT SIZE         =   ----       2
END OF MODULE INFORMATION.


C51 COMPILATION COMPLETE.  0 WARNING(S),  0 ERROR(S)
