C51 COMPILER V9.01   HONGWAI                                                               12/01/2013 12:17:04 PAGE 1   


C51 COMPILER V9.01, COMPILATION OF MODULE HONGWAI
OBJECT MODULE PLACED IN hongwai.OBJ
COMPILER INVOKED BY: D:\软件\keil\C51\BIN\C51.EXE hongwai.c BROWSE DEBUG OBJECTEXTEND

line level    source

   1          #include <reg52.h>
   2          #include "hongwai.h"
   3          
   4          void Ircordpro(void)//红外码值处理函数
   5          { 
   6   1        unsigned char i, j, k;
   7   1        unsigned char cord,value;
   8   1      
   9   1        k=1;
  10   1        for(i=0;i<4;i++)      //处理4个字节
  11   1           {
  12   2            for(j=1;j<=8;j++) //处理1个字节8位
  13   2               {
  14   3                cord=irdata[k];
  15   3                if(cord>7)//大于某值为1，这个和晶振有绝对关系，这里使用12M计算，此值可以有一定误差
  16   3                   value|=0x80;
  17   3                if(j<8)
  18   3                          {
  19   4                               value>>=1;
  20   4                              }
  21   3                 k++;
  22   3               }
  23   2           IRcord[i]=value;
  24   2           value=0;     
  25   2           } 
  26   1               irpro_ok=1;//处理完毕标志位置1
  27   1      }
  28          
  29          unsigned char Ir_work(void)//红外键值散转程序
  30          {
  31   1             switch(IRcord[2])//判断第三个数码值
  32   1                       {
  33   2                               case 0x0c:return 1;break;//1 显示相应的按键值
  34   2                               case 0x18:return 1;break;//2
  35   2                               case 0x5e:return 1;break;//3
  36   2                               case 0x08:return 1;break;//4
  37   2                               case 0x1c:return 1;break;//5
  38   2                               case 0x5a:return 1;break;//6
  39   2                               case 0x42:return 1;break;//7
  40   2                               case 0x52:return 1;break;//8
  41   2                               case 0x4a:return 1;break;//9
  42   2                   default:break;
  43   2                               }
  44   1      
  45   1                        irpro_ok=0;//处理完成标志
  46   1      
  47   1        }
*** WARNING C291 IN LINE 47 OF HONGWAI.C: not every exit path returns a value


MODULE INFORMATION:   STATIC OVERLAYABLE
   CODE SIZE        =     91    ----
   CONSTANT SIZE    =   ----    ----
   XDATA SIZE       =   ----    ----
   PDATA SIZE       =   ----    ----
C51 COMPILER V9.01   HONGWAI                                                               12/01/2013 12:17:04 PAGE 2   

   DATA SIZE        =     38    ----
   IDATA SIZE       =   ----    ----
   BIT SIZE         =      2    ----
END OF MODULE INFORMATION.


C51 COMPILATION COMPLETE.  1 WARNING(S),  0 ERROR(S)
