C51 COMPILER V9.01   MAIN                                                                  12/02/2013 19:32:10 PAGE 1   


C51 COMPILER V9.01, COMPILATION OF MODULE MAIN
OBJECT MODULE PLACED IN main.OBJ
COMPILER INVOKED BY: D:\软件\keil\C51\BIN\C51.EXE main.c BROWSE DEBUG OBJECTEXTEND

line level    source

   1           #include <reg52.h>
   2           #include "1602.h"
   3           #include "timer.h"
   4          // #include "bujindianji.h"
   5          // #include "4anjian.h"
   6          
   7          void bujin(bit on,bit lifrit);
   8          void Init_Timer2(void);
   9          void Init_Timer1(void);
  10          void Init_Timer0(void);
  11          void EX0init(void);
  12          
  13          sbit IR=P3^2;                                   //红外接口标志
  14          bit irpro_ok,irok;
  15          unsigned char IRcord[4];
  16          unsigned char irdata[33];
  17          unsigned char Ir_work(void);    //红外键值散转程序
  18          void Ircordpro(void);
  19          
  20                                                                                                                                          
  21          unsigned char an,timerf=0;      ////timerf用于定时器2中断刷新屏幕计数
  22          unsigned char vdate=1;                                          ////vdate位步进电机转速
  23          unsigned char  irtime;//红外用全局变量
  24          bit flog=1,dj=0,lr=1;                           
  25          sbit LED = P2^0;                                                                                                                                        
  26          
  27          void main ()
  28          { 
  29   1      
  30   1       Ds1302_Init();
  31   1       LCD_Init() ; ///1602初始化
  32   1       Init_Timer2(); ///用于扫描按键,自带按键喇叭
  33   1       Init_Timer1(); ///用于刷新屏幕时间
  34   1       Init_Timer0();
  35   1       EX0init();
  36   1      
  37   1      // Ds1302_Write_Time();
  38   1       while (1)
  39   1       {
  40   2              if(flog)
  41   2               {
  42   3               Ds1302_Read_Time();
  43   3                      LCD_Clear();
  44   3                      Show(10,0,vdate);               
  45   3                      LCD_Write_String(1,0,"Dianji V="); //////步进电机转速显示
  46   3                      LCD_Write_String(1,1,"T   :  :");          //////时间显示
  47   3                      Show(3,1,time_buf1[4]);
  48   3                      Show(6,1,time_buf1[5]);
  49   3                      Show(9,1,time_buf1[6]);
  50   3                      if(dj)
  51   3                       LCD_Write_String(14,0,"ON");
  52   3                      else
  53   3                       LCD_Write_String(14,0,"OF"); //////步进电机转速显示//m
  54   3                      if(lr)
  55   3                       LCD_Write_String(12,1,"RIGHT");
C51 COMPILER V9.01   MAIN                                                                  12/02/2013 19:32:10 PAGE 2   

  56   3                      else
  57   3                       LCD_Write_String(12,1,"LIFT"); //////步进电机转速显示//m
  58   3                      flog=0;
  59   3                }
  60   2                      if(an==1)
  61   2                       {
  62   3                       vdate=vdate+1;
  63   3                       an=0;
  64   3                        if (vdate>10)
  65   3                          vdate=10;
  66   3                       }
  67   2      //              if(an==11)
  68   2      //               {vdate=vdate+5;an=0;}
  69   2                      if(an==2)
  70   2                       {
  71   3                       vdate=vdate-1;
  72   3                       an=0;
  73   3                        if(vdate==0)
  74   3                         vdate=1;
  75   3                       }
  76   2      //              if(an==22)
  77   2      //               {vdate=vdate-5;an=0;}
  78   2                      if(an==3)
  79   2                       {dj=!dj;an=0;}
  80   2                      if(an==4)
  81   2                       {lr=!lr;an=0;}
  82   2                                        
  83   2        }
  84   1      }
  85          /*                  外部中断0初始化
  86          ------------------------------------------------*/
  87          void EX0init(void)
  88          {
  89   1       IT0 = 1;   //指定外部中断0下降沿触发，INT0 (P3.2)
  90   1       EX0 = 1;   //使能外部中断
  91   1       EA = 1;    //开总中断
  92   1      }
  93          ////////////////定时器012初始化程序、、、、、、、
  94          void Init_Timer0(void)
  95          {
  96   1        TMOD=0x02;//定时器0工作方式2，TH0是重装值，TL0是初值
  97   1        TH0=0x00; //重载值
  98   1        TL0=0x00; //初始化值
  99   1        ET0=1;    //开中断
 100   1        TR0=1;
 101   1      }
 102          
 103          void Init_Timer1(void)
 104          {
 105   1       TMOD |= 0x10;    //使用模式1，16位定时器，使用"|"符号可以在使用多个定时器时不受影响                 
 106   1       TH1=0x40;            //给定初值
 107   1       TL1=0x00;
 108   1      // EA=1;            //总中断打开
 109   1       ET1=1;           //定时器中断打开
 110   1       TR1=1;           //定时器开关打开
 111   1      }
 112          void Init_Timer2(void)
 113          {
 114   1       RCAP2H=0x50;         //给定初值
 115   1       RCAP2L=0x00;
 116   1       ET2=1;
 117   1      // EA=1;            //总中断打开
C51 COMPILER V9.01   MAIN                                                                  12/02/2013 19:32:10 PAGE 3   

 118   1       TR2=1;           //定用模式1，16位定时器，使用"|"符号可以在使用多个定时器时不受影响                 
 119   1      }
 120                                  //////////中断程序////////
 121          void Timer2(void) interrupt 5 
 122          {
 123   1        
 124   1        TF2=0;
 125   1        an=KeyScan();
*** WARNING C206 IN LINE 125 OF MAIN.C: 'KeyScan': missing function-prototype
 126   1        if(timerf>10)
 127   1         {
 128   2         flog=1;
 129   2         timerf=0;
 130   2         }
 131   1        else
 132   1         timerf++;
 133   1      }
 134          
 135          void Timer1(void) interrupt 3 
 136          {
 137   1       if(vdate==10)
 138   1        TH1=231;
 139   1       else if(vdate==9)
 140   1         TH1=230;
 141   1          else if(vdate==8)
 142   1         TH1=229;
 143   1       else if(vdate==7)
 144   1         TH1=227;
 145   1       else if(vdate==6)
 146   1         TH1=225;
 147   1       else if(vdate==5)
 148   1         TH1=220;
 149   1       else if(vdate==4)
 150   1         TH1=210;
 151   1        else if(vdate==3)
 152   1         TH1=200;
 153   1       else if(vdate==2)
 154   1         TH1=150;
 155   1       else if (vdate==1)
 156   1         TH1=50;
 157   1      
 158   1       TL1=0x00;
 159   1       bujin(dj,lr);           
 160   1      }
 161          
 162          
 163          
 164          void timer0 (void) interrupt 1
 165          {
 166   1        irtime++;  //用于计数2个下降沿之间的时间
 167   1      }
 168          
 169          void EX0_ISR (void) interrupt 0 //外部中断0服务函数
 170          {
 171   1        static unsigned char  i;             //接收红外信号处理
 172   1        static bit startflag;                //是否开始处理标志位
 173   1      
 174   1      if(startflag)                         
 175   1         {
 176   2          if(irtime<63&&irtime>=33)//引导码 TC9012的头码，9ms+4.5ms
 177   2                              i=0;
 178   2                      irdata[i]=irtime;//存储每个电平的持续时间，用于以后判断是0还是1
C51 COMPILER V9.01   MAIN                                                                  12/02/2013 19:32:10 PAGE 4   

 179   2                      irtime=0;
 180   2                      i++;
 181   2                               if(i==33)
 182   2                              {
 183   3                                       irok=1;
 184   3                                       i=0;
 185   3                                      }
 186   2                }
 187   1               else
 188   1                      {
 189   2                      irtime=0;
 190   2                      startflag=1;
 191   2                      }
 192   1           if(irok)                        //如果接收好了进行红外处理
 193   1                       {   
 194   2                       Ircordpro();
 195   2                       irok=0;irpro_ok=1;//处理完毕标志位置1
 196   2      
 197   2                       }
 198   1               if(irpro_ok)                   //如果处理好后进行工作处理，如按对应的按键后显示对应的数字等
 199   1                       {
 200   2                        irpro_ok=0;//处理完成标志
 201   2                        an=Ir_work();LED=!LED;
 202   2                       }
 203   1      
 204   1      }
 205          
 206          
 207          
 208          void Ircordpro(void)//红外码值处理函数
 209          { 
 210   1        unsigned char i, j, k;
 211   1        unsigned char cord,value;
 212   1      
 213   1        k=1;
 214   1        for(i=0;i<4;i++)      //处理4个字节
 215   1           {
 216   2            for(j=1;j<=8;j++) //处理1个字节8位
 217   2               {
 218   3                cord=irdata[k];
 219   3                if(cord>7)//大于某值为1，这个和晶振有绝对关系，这里使用12M计算，此值可以有一定误差
 220   3                   value|=0x80;
 221   3                if(j<8)
 222   3                          {
 223   4                               value>>=1;
 224   4                              }
 225   3                 k++;
 226   3               }
 227   2           IRcord[i]=value;
 228   2           value=0;     
 229   2           } 
 230   1      }
 231          
 232          unsigned char Ir_work(void)//红外键值散转程序
 233          {
 234   1             switch(IRcord[2])//判断第三个数码值
 235   1                       {
 236   2                               case 0x0c:return 1;break;//1 显示相应的按键值
 237   2                               case 0x18:return 2;break;//2
 238   2                               case 0x5e:return 3;break;//3
 239   2                               case 0x08:return 4;break;//4
 240   2                               case 0x1c:return 5;break;//5
C51 COMPILER V9.01   MAIN                                                                  12/02/2013 19:32:10 PAGE 5   

 241   2                               case 0x5a:return 6;break;//6
 242   2                               case 0x42:return 7;break;//7
 243   2                               case 0x52:return 8;break;//8
 244   2                               case 0x4a:return 9;break;//9
 245   2                   default:break;
 246   2                               }
 247   1      
 248   1                        
 249   1      
 250   1        }
 251                                          
*** WARNING C291 IN LINE 250 OF MAIN.C: not every exit path returns a value


MODULE INFORMATION:   STATIC OVERLAYABLE
   CODE SIZE        =    730    ----
   CONSTANT SIZE    =     36    ----
   XDATA SIZE       =   ----    ----
   PDATA SIZE       =   ----    ----
   DATA SIZE        =     42    ----
   IDATA SIZE       =   ----    ----
   BIT SIZE         =      6    ----
END OF MODULE INFORMATION.


C51 COMPILATION COMPLETE.  2 WARNING(S),  0 ERROR(S)
