C51 COMPILER V9.01   TIMER                                                                 12/02/2013 19:32:11 PAGE 1   


C51 COMPILER V9.01, COMPILATION OF MODULE TIMER
OBJECT MODULE PLACED IN timer.OBJ
COMPILER INVOKED BY: D:\软件\keil\C51\BIN\C51.EXE timer.c BROWSE DEBUG OBJECTEXTEND

line level    source

   1          
   2          #include "timer.h"
   3          
   4          unsigned char time_buf1[8] = {20,13,11,29,20,33,11,5};//空年月日时分秒周
   5          unsigned char time_buf[8] ;                         //空年月日时分秒周
   6          /*------------------------------------------------
   7                     向DS1302写入一字节数据
   8          ---------------------
   9          
  10          
  11          ---------------------------*/
  12          void Ds1302_Write_Byte(unsigned char addr, unsigned char d)
  13          {
  14   1      
  15   1              unsigned char i;
  16   1              RST_SET;        
  17   1              
  18   1              //写入目标地址：addr
  19   1              addr = addr & 0xFE;     //最低位置零
  20   1              for (i = 0; i < 8; i ++) 
  21   1                  { 
  22   2                      if (addr & 0x01) 
  23   2                          {
  24   3                              IO_SET;
  25   3                              }
  26   2                      else 
  27   2                          {
  28   3                              IO_CLR;
  29   3                              }
  30   2                      SCK_SET;
  31   2                      SCK_CLR;
  32   2                      addr = addr >> 1;
  33   2                      }
  34   1              
  35   1              //写入数据：d
  36   1              for (i = 0; i < 8; i ++) 
  37   1                 {
  38   2                      if (d & 0x01) 
  39   2                          {
  40   3                              IO_SET;
  41   3                              }
  42   2                      else 
  43   2                          {
  44   3                              IO_CLR;
  45   3                              }
  46   2                      SCK_SET;
  47   2                      SCK_CLR;
  48   2                      d = d >> 1;
  49   2                      }
  50   1              RST_CLR;                                        //停止DS1302总线
  51   1      }
  52          /*------------------------------------------------
  53                     从DS1302读出一字节数据
  54          ------------------------------------------------*/
  55          
C51 COMPILER V9.01   TIMER                                                                 12/02/2013 19:32:11 PAGE 2   

  56          unsigned char Ds1302_Read_Byte(unsigned char addr) 
  57          {
  58   1      
  59   1              unsigned char i;
  60   1              unsigned char temp;
  61   1              RST_SET;        
  62   1      
  63   1              //写入目标地址：addr
  64   1              addr = addr | 0x01;//最低位置高
  65   1              for (i = 0; i < 8; i ++) 
  66   1                  {
  67   2                   
  68   2                      if (addr & 0x01) 
  69   2                         {
  70   3                              IO_SET;
  71   3                              }
  72   2                      else 
  73   2                          {
  74   3                              IO_CLR;
  75   3                              }
  76   2                      SCK_SET;
  77   2                      SCK_CLR;
  78   2                      addr = addr >> 1;
  79   2                      }
  80   1              
  81   1              //输出数据：temp
  82   1              for (i = 0; i < 8; i ++) 
  83   1                  {
  84   2                      temp = temp >> 1;
  85   2                      if (IO_R) 
  86   2                         {
  87   3                              temp |= 0x80;
  88   3                              }
  89   2                      else 
  90   2                         {
  91   3                              temp &= 0x7F;
  92   3                              }
  93   2                      SCK_SET;
  94   2                      SCK_CLR;
  95   2                      }
  96   1              
  97   1              RST_CLR;        //停止DS1302总线
  98   1              return temp;
  99   1      }
 100          
 101          /*------------------------------------------------
 102                     向DS1302写入时钟数据
 103          ------------------------------------------------*/
 104          void Ds1302_Write_Time(void) 
 105          {
 106   1           
 107   1          unsigned char i,tmp;
 108   1              for(i=0;i<8;i++)
 109   1                  {                  //BCD处理
 110   2                      tmp=time_buf1[i]/10;
 111   2                      time_buf[i]=time_buf1[i]%10;
 112   2                      time_buf[i]=time_buf[i]+tmp*16;
 113   2                  }
 114   1              Ds1302_Write_Byte(ds1302_control_add,0x00);                     //关闭写保护 
 115   1              Ds1302_Write_Byte(ds1302_sec_add,0x80);                         //暂停 
 116   1              //Ds1302_Write_Byte(ds1302_charger_add,0xa9);                   //涓流充电 
 117   1              Ds1302_Write_Byte(ds1302_year_add,time_buf[1]);         //年 
C51 COMPILER V9.01   TIMER                                                                 12/02/2013 19:32:11 PAGE 3   

 118   1              Ds1302_Write_Byte(ds1302_month_add,time_buf[2]);        //月 
 119   1              Ds1302_Write_Byte(ds1302_date_add,time_buf[3]);         //日 
 120   1              Ds1302_Write_Byte(ds1302_day_add,time_buf[7]);          //周 
 121   1              Ds1302_Write_Byte(ds1302_hr_add,time_buf[4]);           //时 
 122   1              Ds1302_Write_Byte(ds1302_min_add,time_buf[5]);          //分
 123   1              Ds1302_Write_Byte(ds1302_sec_add,time_buf[6]);          //秒
 124   1              Ds1302_Write_Byte(ds1302_day_add,time_buf[7]);          //周 
 125   1              Ds1302_Write_Byte(ds1302_control_add,0x80);                     //打开写保护 
 126   1      }
 127          
 128          /*------------------------------------------------
 129                     从DS1302读出时钟数据
 130          ------------------------------------------------*/
 131          void Ds1302_Read_Time(void)  
 132          { 
 133   1                  unsigned char i,tmp;
 134   1              time_buf[1]=Ds1302_Read_Byte(ds1302_year_add);          //年 
 135   1              time_buf[2]=Ds1302_Read_Byte(ds1302_month_add);         //月 
 136   1              time_buf[3]=Ds1302_Read_Byte(ds1302_date_add);          //日 
 137   1              time_buf[4]=Ds1302_Read_Byte(ds1302_hr_add);            //时 
 138   1              time_buf[5]=Ds1302_Read_Byte(ds1302_min_add);           //分 
 139   1              time_buf[6]=(Ds1302_Read_Byte(ds1302_sec_add))&0x7F;//秒 
 140   1              time_buf[7]=Ds1302_Read_Byte(ds1302_day_add);           //周 
 141   1      
 142   1      
 143   1              for(i=0;i<8;i++)
 144   1                 {           //BCD处理
 145   2                      tmp=time_buf[i]/16;
 146   2                      time_buf1[i]=time_buf[i]%16;
 147   2                      time_buf1[i]=time_buf1[i]+tmp*10;
 148   2                 }
 149   1      }
 150          
 151          /*------------------------------------------------
 152                          DS1302初始化
 153          ------------------------------------------------*/
 154          void Ds1302_Init(void)
 155          {
 156   1              
 157   1              RST_CLR;                        //RST脚置低
 158   1              SCK_CLR;                        //SCK脚置低
 159   1          Ds1302_Write_Byte(ds1302_sec_add,0x00);                              
 160   1      }
 161          


MODULE INFORMATION:   STATIC OVERLAYABLE
   CODE SIZE        =    328    ----
   CONSTANT SIZE    =   ----    ----
   XDATA SIZE       =   ----    ----
   PDATA SIZE       =   ----    ----
   DATA SIZE        =     16    ----
   IDATA SIZE       =   ----    ----
   BIT SIZE         =   ----    ----
END OF MODULE INFORMATION.


C51 COMPILATION COMPLETE.  0 WARNING(S),  0 ERROR(S)
