C51 COMPILER V7.06   _步进_缁_综__控制                                                    05/09/2014 23:06:17 PAGE 1   


C51 COMPILER V7.06, COMPILATION OF MODULE _步进_缁_综__控制
OBJECT MODULE PLACED IN .\obj\双步进电机综合控制.obj
COMPILER INVOKED BY: D:\Program Files (x86)\keil 安装\C51\BIN\C51.EXE 双步进电机综合控制.c BROWSE DEBUG OBJECTEXTEND PRI
                    -NT(.\obj\双步进电机综合控制.lst) TABS(10) OBJECT(.\obj\双步进电机综合控制.obj)

stmt level    source

   1          //****************************************
   2          // Update to MPU6050 by shinetop
   3          // MCU: STC89C52
   4          // 2012.3.1
   5          // 功能: 显示加速度计和陀螺仪的10位原始数据
   6          //****************************************
   7          // GY-52 MPU3050 IIC测试程序
   8          // 使用单片机STC89C51 
   9          // 晶振：11.0592M
  10          // 显示：LCD1602
  11          // 编译环境 Keil uVision2
  12          // 参考宏晶网站24c04通信程序
  13          // 时间：2011年9月1日
  14          // QQ：531389319
  15          //****************************************
  16          #include <REG52.H>  
  17          #include <math.h>    //Keil library  
  18          #include <stdio.h>   //Keil library     
  19          #include <INTRINS.H>
  20          typedef unsigned char  uchar;
  21          typedef unsigned short ushort;
  22          typedef unsigned int   uint;
  23          //****************************************
  24          // 定义51单片机端口
  25          //****************************************
  26          #define DataPort P0           //LCD1602数据端口
  27          sbit    SCL=P1^0;                       //IIC时钟引脚定义
  28          sbit    SDA=P1^1;                       //IIC数据引脚定义
  29          sbit    LCM_RS=P2^4;                    //LCD1602命令端口             
  30          sbit    LCM_RW=P2^5;                    //LCD1602命令端口             
  31          sbit    LCM_EN=P2^6;                    //LCD1602命令端口 
  32          sbit maichong=P1^2; //定义大功率步进电机连接端口
  33          sbit dir=P1^3;
  34          //****************************************
  35          // 定义MPU6050内部地址
  36          //****************************************
  37          #define   SMPLRT_DIV                    0x19      //陀螺仪采样率，典型值：0x07(125Hz)
  38          #define   CONFIG                        0x1A      //低通滤波频率，典型值：0x06(5Hz)
  39          #define   GYRO_CONFIG                   0x1B      //陀螺仪自检及测量范围，典型值：0x18(不自检，2000deg/s)
  40          #define   ACCEL_CONFIG        0x1C      //加速计自检、测量范围及高通滤波频率，典型值：0x01(不自检，2G，5Hz)
  41          #define   ACCEL_XOUT_H        0x3B
  42          #define   ACCEL_XOUT_L        0x3C
  43          #define   ACCEL_YOUT_H        0x3D
  44          #define   ACCEL_YOUT_L        0x3E
  45          #define   ACCEL_ZOUT_H        0x3F
  46          #define   ACCEL_ZOUT_L        0x40
  47          #define   TEMP_OUT_H                    0x41
  48          #define   TEMP_OUT_L                    0x42
  49          #define   GYRO_XOUT_H                   0x43
  50          #define   GYRO_XOUT_L                   0x44      
  51          #define   GYRO_YOUT_H                   0x45
  52          #define   GYRO_YOUT_L                   0x46
  53          #define   GYRO_ZOUT_H                   0x47
  54          #define   GYRO_ZOUT_L                   0x48
C51 COMPILER V7.06   _步进_缁_综__控制                                                    05/09/2014 23:06:17 PAGE 2   

  55          #define   PWR_MGMT_1                    0x6B      //电源管理，典型值：0x00(正常启用)
  56          #define   WHO_AM_I                      0x75      //IIC地址寄存器(默认数值0x68，只读)
  57          #define   SlaveAddress        0xD0      //IIC写入时的地址字节数据，+1为读取
  58          //****************************************
  59          //定义类型及变量
  60          //****************************************
  61          uchar dis[4];                                                                   //显示数字(-511至512)的字符数组
  62          unsigned int speed;
  63          int       dis_data; 
  64          static unsigned int  Kp,KI,KD,Ti,Td;//自行定义Kp,Ti,Td;; //比例常数Proportional Const
  65          double  Ki,Kd,T; 
  66          double error=0,error_1=0,error_2=0; //Error[-1]
  67          double E0,E1=0,E2=0; //设定目标Desired Value 周期T先设为1ms                                         //变量
  68          double P_now=0,P_last1=0,P_last2=0;
  69          double Xjiaodu,Yjiaodu,Zjiaodu;
  70          unsigned char num;
  71          unsigned int time2=0,times1=0,times2=0;
  72          static unsigned int tun0=0,tun1=0,tun3=0,tun4=0;
  73          //****************************************
  74          //函数声明
  75          //****************************************
  76          void  delay(unsigned int k);
  77          void Init_Timer0(void);                                                                                                 //延时
  78          void Init_Timer1(void);
  79          void  InitLcd();                                                                                                                                      //初始化lcd1602
  80          void  lcd_printf(uchar *s,int temp_data);
  81          void  WriteDataLCM(uchar dataW);                                                                                        //LCD数据
  82          void  WriteCommandLCM(uchar CMD,uchar Attribc);                                 //LCD指令
  83          void  DisplayOneChar(uchar X,uchar Y,uchar DData);                              //显示一个字符
  84          void  DisplayListChar(uchar X,uchar Y,uchar *DData,L);      //显示字符串
  85          void  InitMPU6050();                                                                                                                                  //初始化MPU6050
  86          void  Delay5us();
  87          void  I2C_Start();
  88          void  I2C_Stop();
  89          void  I2C_SendACK(bit ack);
  90          bit   I2C_RecvACK();
  91          void  I2C_SendByte(uchar dat);
  92          uchar I2C_RecvByte();
  93          void  I2C_ReadPage();
  94          void  I2C_WritePage();
  95          void  display_ACCEL_x();
  96          void  display_ACCEL_y();
  97          void  display_ACCEL_z();
  98          uchar Single_ReadI2C(uchar REG_Address);                                                            //读取I2C数据
  99          void  Single_WriteI2C(uchar REG_Address,uchar REG_data);    //向I2C写入数据
 100          //****************************************
 101          //整数转字符串
 102          //****************************************
 103          void lcd_printf(uchar *s,int temp_data)
 104          {
 105   1                if(temp_data<0)
 106   1                {
 107   2                          temp_data=-temp_data;
 108   2                          *s='-';
 109   2                }
 110   1                else *s=' ';
 111   1                *++s =temp_data/100+0x30;
 112   1                temp_data=temp_data%100;     //取余运算
 113   1                *++s =temp_data/10+0x30;
 114   1                temp_data=temp_data%10;      //取余运算
 115   1                *++s =temp_data+0x30;         
 116   1      }
C51 COMPILER V7.06   _步进_缁_综__控制                                                    05/09/2014 23:06:17 PAGE 3   

 117          //****************************************
 118          //延时
 119          //****************************************
 120          void delay(unsigned int k)    
 121          {                                                           
 122   1                unsigned int i,j;                                 
 123   1                for(i=0;i<k;i++)
 124   1                {                             
 125   2                          for(j=0;j<121;j++);
 126   2                }                                                           
 127   1      }
 128          /*------------------------------------------------
 129           uS延时函数，含有输入参数 unsigned char t，无返回值
 130           unsigned char 是定义无符号字符变量，其值的范围是
 131           0~255 这里使用晶振12M，精确延时请使用汇编,大致延时
 132           长度如下 T=tx2+5 uS 
 133          ------------------------------------------------*/
 134          void DelayUs2x(unsigned char t)
 135          {   
 136   1       while(--t);
 137   1      }
 138          /*------------------------------------------------
 139           mS延时函数，含有输入参数 unsigned char t，无返回值
 140           unsigned char 是定义无符号字符变量，其值的范围是
 141           0~255 这里使用晶振12M，精确延时请使用汇编
 142          ------------------------------------------------*/
 143          void DelayMs(unsigned char t)
 144          {
 145   1           
 146   1       while(t--)
 147   1       {
 148   2           DelayUs2x(245);
 149   2                 DelayUs2x(245);
 150   2       }
 151   1      }
 152          /*------------------------------------------------
 153                              定时器初始化子程序
 154          ------------------------------------------------*/
 155          void Init_Timer0(void)
 156          {
 157   1       TMOD |= 0x01;        //使用模式1，16位定时器，使用"|"符号可以在使用多个定时器时不受影响                 
 158   1       TH0=0x0000;              //0x00;给定初值0x00;
 159   1       TL0=0x0000;
 160   1       ET0=1;           //定时器中断打开
 161   1       TR0=1;           //定时器开关打开
 162   1       PT0=1;           //优先级打开
 163   1      }
 164          /*------------------------------------------------
 165                              定时器初始化子程序
 166          ------------------------------------------------*/
 167          void Init_Timer1(void)
 168          {
 169   1       TMOD |= 0x10;        //使用模式1，16位定时器，使用"|"符号可以在使用多个定时器时不受影响 
 170   1       TH1=0x00;                //给定初值，这里使用定时器最大值从0开始计数一直到65535溢出
 171   1       TL1=0x00;
 172   1       ET1=0;           //定时器中断打开
 173   1       TR1=0;           //定时器开关打开
 174   1      }
 175          
 176          
 177          /*------------------------------------------------
 178          定时器初始化子程序
C51 COMPILER V7.06   _步进_缁_综__控制                                                    05/09/2014 23:06:17 PAGE 4   

 179          ------------------------------------------------*/
 180          /*void TIM2Inital(void)
 181          {
 182            RCAP2H = (65536-2000)/256;//晶振12M 60ms 16bit 自动重载
 183            RCAP2L = (65536-2000)%256;
 184            ET2=1;                     //打开定时器中断
 185            TR2=1;                     //打开定时器开关
 186          }*/
 187          //****************************************
 188          //LCD1602初始化
 189          //****************************************
 190          void InitLcd()                                    
 191          {                             
 192   1                WriteCommandLCM(0x38,1);      
 193   1                WriteCommandLCM(0x08,1);      
 194   1                WriteCommandLCM(0x01,1);      
 195   1                WriteCommandLCM(0x06,1);      
 196   1                WriteCommandLCM(0x0c,1);
 197   1                DisplayOneChar(0,0,'A');
 198   1                DisplayOneChar(0,1,'G');
 199   1      }                             
 200          //****************************************
 201          //LCD1602写允许
 202          //****************************************
 203          void WaitForEnable(void)      
 204          {                                                 
 205   1                DataPort=0xff;                
 206   1                LCM_RS=0;LCM_RW=1;_nop_();
 207   1                LCM_EN=1;_nop_();_nop_();
 208   1                while(DataPort&0x80);         
 209   1                LCM_EN=0;                               
 210   1      }                                                 
 211          //****************************************
 212          //LCD1602写入命令
 213          //****************************************
 214          void WriteCommandLCM(uchar CMD,uchar Attribc)
 215          {                                                 
 216   1                if(Attribc)WaitForEnable();   
 217   1                LCM_RS=0;LCM_RW=0;_nop_();
 218   1                DataPort=CMD;_nop_();         
 219   1                LCM_EN=1;_nop_();_nop_();LCM_EN=0;
 220   1      }                                                 
 221          //****************************************
 222          //LCD1602写入数据
 223          //****************************************
 224          void WriteDataLCM(uchar dataW)
 225          {                                                 
 226   1                WaitForEnable();              
 227   1                LCM_RS=1;LCM_RW=0;_nop_();
 228   1                DataPort=dataW;_nop_();       
 229   1                LCM_EN=1;_nop_();_nop_();LCM_EN=0;
 230   1      }                   
 231          //****************************************
 232          //LCD1602写入一个字符
 233          //****************************************
 234          void DisplayOneChar(uchar X,uchar Y,uchar DData)
 235          {                                                           
 236   1                Y&=1;                                                       
 237   1                X&=15;                                                      
 238   1                if(Y)X|=0x40;                                               
 239   1                X|=0x80;                      
 240   1                WriteCommandLCM(X,0);                   
C51 COMPILER V7.06   _步进_缁_综__控制                                                    05/09/2014 23:06:17 PAGE 5   

 241   1                WriteDataLCM(DData);                    
 242   1      }                                                           
 243          //****************************************
 244          //LCD1602显示字符串
 245          //****************************************
 246          void DisplayListChar(uchar X,uchar Y,uchar *DData,L)
 247          {
 248   1                uchar ListLength=0; 
 249   1                Y&=0x1;                
 250   1                X&=0xF;                
 251   1                while(L--)             
 252   1                {                       
 253   2                          DisplayOneChar(X,Y,DData[ListLength]);
 254   2                          ListLength++;  
 255   2                          X++;                        
 256   2                }    
 257   1      }
 258          //**************************************
 259          //延时5微秒(STC90C52RC@12M)
 260          //不同的工作环境,需要调整此函数
 261          //当改用1T的MCU时,请调整此延时函数
 262          //**************************************
 263          void Delay5us()
 264          {
 265   1                _nop_();_nop_();_nop_();_nop_();
 266   1                _nop_();_nop_();_nop_();_nop_();
 267   1                _nop_();_nop_();_nop_();_nop_();
 268   1                _nop_();_nop_();_nop_();_nop_();
 269   1                _nop_();_nop_();_nop_();_nop_();
 270   1                _nop_();_nop_();_nop_();_nop_();
 271   1      }
 272          //**************************************
 273          //I2C起始信号
 274          //**************************************
 275          void I2C_Start()
 276          {
 277   1          SDA = 1;                    //拉高数据线
 278   1          SCL = 1;                    //拉高时钟线
 279   1          Delay5us();                 //延时
 280   1          SDA = 0;                    //产生下降沿
 281   1          Delay5us();                 //延时
 282   1          SCL = 0;                    //拉低时钟线
 283   1      }
 284          //**************************************
 285          //I2C停止信号
 286          //**************************************
 287          void I2C_Stop()
 288          {
 289   1          SDA = 0;                    //拉低数据线
 290   1          SCL = 1;                    //拉高时钟线
 291   1          Delay5us();                 //延时
 292   1          SDA = 1;                    //产生上升沿
 293   1          Delay5us();                 //延时
 294   1      }
 295          //**************************************
 296          //I2C发送应答信号
 297          //入口参数:ack (0:ACK 1:NAK)
 298          //**************************************
 299          void I2C_SendACK(bit ack)
 300          {
 301   1          SDA = ack;                  //写应答信号
 302   1          SCL = 1;                    //拉高时钟线
C51 COMPILER V7.06   _步进_缁_综__控制                                                    05/09/2014 23:06:17 PAGE 6   

 303   1          Delay5us();                 //延时
 304   1          SCL = 0;                    //拉低时钟线
 305   1          Delay5us();                 //延时
 306   1      }
 307          //**************************************
 308          //I2C接收应答信号
 309          //**************************************
 310          bit I2C_RecvACK()
 311          {
 312   1          SCL = 1;                    //拉高时钟线
 313   1          Delay5us();                 //延时
 314   1          CY = SDA;                   //读应答信号
 315   1          SCL = 0;                    //拉低时钟线
 316   1          Delay5us();                 //延时
 317   1          return CY;
 318   1      }
 319          //**************************************
 320          //向I2C总线发送一个字节数据
 321          //**************************************
 322          void I2C_SendByte(uchar dat)
 323          {
 324   1          uchar i;
 325   1          for (i=0; i<8; i++)         //8位计数器
 326   1          {
 327   2              dat <<= 1;              //移出数据的最高位
 328   2              SDA = CY;               //送数据口
 329   2              SCL = 1;                //拉高时钟线
 330   2              Delay5us();             //延时
 331   2              SCL = 0;                //拉低时钟线
 332   2              Delay5us();             //延时
 333   2          }
 334   1          I2C_RecvACK();
 335   1      }
 336          //**************************************
 337          //从I2C总线接收一个字节数据
 338          //**************************************
 339          uchar I2C_RecvByte()
 340          {
 341   1          uchar i;
 342   1          uchar dat = 0;
 343   1          SDA = 1;                    //使能内部上拉,准备读取数据,
 344   1          for (i=0; i<8; i++)         //8位计数器
 345   1          {
 346   2              dat <<= 1;
 347   2              SCL = 1;                //拉高时钟线
 348   2              Delay5us();             //延时
 349   2              dat |= SDA;             //读数据               
 350   2              SCL = 0;                //拉低时钟线
 351   2              Delay5us();             //延时
 352   2          }
 353   1          return dat;
 354   1      }
 355          //**************************************
 356          //向I2C设备写入一个字节数据
 357          //**************************************
 358          void Single_WriteI2C(uchar REG_Address,uchar REG_data)
 359          {
 360   1          I2C_Start();                  //起始信号
 361   1          I2C_SendByte(SlaveAddress);   //发送设备地址+写信号
 362   1          I2C_SendByte(REG_Address);    //内部寄存器地址，
 363   1          I2C_SendByte(REG_data);       //内部寄存器数据，
 364   1          I2C_Stop();                   //发送停止信号
C51 COMPILER V7.06   _步进_缁_综__控制                                                    05/09/2014 23:06:17 PAGE 7   

 365   1      }
 366          //**************************************
 367          //从I2C设备读取一个字节数据
 368          //**************************************
 369          uchar Single_ReadI2C(uchar REG_Address)
 370          {
 371   1                uchar REG_data;
 372   1                I2C_Start();                   //起始信号
 373   1                I2C_SendByte(SlaveAddress);    //发送设备地址+写信号
 374   1                I2C_SendByte(REG_Address);     //发送存储单元地址，从0开始  
 375   1                I2C_Start();                   //起始信号
 376   1                I2C_SendByte(SlaveAddress+1);  //发送设备地址+读信号
 377   1                REG_data=I2C_RecvByte();       //读出寄存器数据
 378   1                I2C_SendACK(1);                //接收应答信号
 379   1                I2C_Stop();                    //停止信号
 380   1                return REG_data;
 381   1      }
 382          //**************************************
 383          //初始化MPU6050
 384          //**************************************
 385          void InitMPU6050()
 386          {
 387   1                Single_WriteI2C(PWR_MGMT_1, 0x00);      //解除休眠状态
 388   1                Single_WriteI2C(SMPLRT_DIV, 0x07);
 389   1                Single_WriteI2C(CONFIG, 0x06);
 390   1                Single_WriteI2C(GYRO_CONFIG, 0x18);
 391   1                Single_WriteI2C(ACCEL_CONFIG, 0x01);
 392   1      }
 393          //**************************************
 394          //合成数据
 395          //**************************************
 396          int GetData(uchar REG_Address)
 397          {
 398   1                char H,L;
 399   1                H=Single_ReadI2C(REG_Address);
 400   1                L=Single_ReadI2C(REG_Address+1);
 401   1                return (H<<8)+L;   //合成数据
 402   1      }
 403          //**************************************
 404          //在1602上显示10位数据
 405          //**************************************
 406          void Display10BitData(int value,uchar x,uchar y)
 407          {
 408   1                value/=64;                                                                      //转换为10位数据
 409   1                lcd_printf(dis, value);                           //转换数据显示
 410   1                DisplayListChar(x,y,dis,4);   //启始列，行，显示数组，显示长度
 411   1      }
 412          //**************************************
 413          //显示温度
 414          //**************************************
 415          /*------------------------------------------------
 416                           定时器中断子程序
 417          ------------------------------------------------*/
 418          void Timer0_isr(void) interrupt 1 
 419          { 
 420   1      if(maichong==0)  // 占空比
 421   1      {
 422   2       TH0 =tun0;               //0xFFB0给定初值，这里使用定时器最大值从0开始计数一直到65535溢出
 423   2       TL0 = tun1;
 424   2        }
 425   1      
 426   1      else 
C51 COMPILER V7.06   _步进_缁_综__控制                                                    05/09/2014 23:06:17 PAGE 8   

 427   1      {
 428   2      TH0 = tun3;               //0xFFB0给定初值，这里使用定时器最大值从0开始计数一直到65535溢出
 429   2       TL0 = tun4;
 430   2       times2=0;
 431   2      }
 432   1      maichong=~maichong;
 433   1      
 434   1      }
 435          /*------------------------------------------------
 436                           定时器中断子程序
 437          ------------------------------------------------*/
 438          void Timer1_isr(void) interrupt 3 using 1
 439          {
 440   1       TH1=0x00;                     //重新赋值
 441   1       TL1=0x00;
 442   1       times1=0;
 443   1      }
 444          /*------------------------------------------------
 445                           定时器中断子程序
 446          ------------------------------------------------*/
 447          /*void TIM2(void) interrupt 5 using 2//定时器2中断
 448          {
 449            TF2=0;
 450          
 451            }
 452          */
 453          //*********************************************************
 454          //主程序
 455          //*********************************************************
 456          void main()
 457          { 
 458   1                delay(500);                   //上电延时                    
 459   1                EA=1;            //总中断关
 460   1                //ET1=1;           //定时器中断打开
 461   1                //ET2=1;                     //打开定时器中断
 462   1                //InitLcd();                  //液晶初始化
 463   1                InitMPU6050();      //初始化MPU6050
 464   1                Init_Timer0();
 465   1                //Init_Timer1();
 466   1                //EA=1;
 467   1                delay(150); 
 468   1      E0=23;
 469   1      Kp=5;
 470   1      Ti=10;
 471   1      Td=0;//自行定义Kp,Ti,Td //比例常数Proportional Cons
 472   1      T=0.001; 
 473   1                while(1)
 474   1                {
 475   2      /* if(times1==1)
 476   2         {
 477   2                          Display10BitData(GetData(ACCEL_XOUT_H),2,0);      //显示X轴加速度
 478   2                          Display10BitData(GetData(ACCEL_YOUT_H),7,0);      //显示Y轴加速度
 479   2                          Display10BitData(GetData(ACCEL_ZOUT_H),12,0);     //显示Z轴加速度
 480   2                          Display10BitData(GetData(GYRO_XOUT_H),2,1);       //显示X轴角速度
 481   2                          Display10BitData(GetData(GYRO_YOUT_H),7,1);       //显示Y轴角速度
 482   2                          Display10BitData(GetData(GYRO_ZOUT_H),12,1);      //显示Z轴角速度
 483   2                          times1=0;//                   delay(500);
 484   2         }*/
 485   2      
 486   2      if(times2==0)
 487   2      {
 488   3      times2=1;
C51 COMPILER V7.06   _步进_缁_综__控制                                                    05/09/2014 23:06:17 PAGE 9   

 489   3      Xjiaodu=GetData(ACCEL_XOUT_H);//240;//
 490   3      Yjiaodu=GetData(ACCEL_YOUT_H);
 491   3      Zjiaodu=GetData(ACCEL_ZOUT_H);
 492   3      Yjiaodu=Yjiaodu/64;
 493   3      Zjiaodu=Zjiaodu/64;
 494   3      
 495   3      
 496   3      if(Xjiaodu<0)
 497   3      {
 498   4      Xjiaodu=-Xjiaodu;
 499   4      dir=1;
 500   4      }
 501   3      else
 502   3      {
 503   4      dir=0;
 504   4      }
 505   3      Xjiaodu=Xjiaodu/16;
 506   3      
 507   3      Ki=T/Ti;  
 508   3      Kd=Td/T;   //主要确定Kp,Ti,Td;
 509   3      Kp=Kp;
 510   3      KI=Kp*Ki;
 511   3      KD=Kp*Kd;
 512   3      //time2=4*Xjiaodu+280;//给定量
 513   3      error=Xjiaodu-E0;//两角度之差
 514   3      if(abs(error)>E0)
 515   3      {
 516   4         P_now=Kp*(error-error_1)/*KI*error+KD*(error-2*error_1+error_2)*/+P_last1;
 517   4      }
 518   3      else
 519   3      {
 520   4         P_now=Kp*(error-error_1)+KI*error/*KD*(error-2*error_1+error_2)+P_last1*/;
 521   4      }
 522   3      error_1=error;
 523   3      error_2=error_1;
 524   3      P_last1=P_now;
 525   3      time2=P_now;
 526   3      
 527   3      if(time2>900) //15-45
 528   3      {
 529   4        time2=900;
 530   4      }
 531   3      
 532   3      tun0=(65535-time2)>>8;  //%256    总1000HZ    高电平 延时time2
 533   3      tun1=(65535-time2)&0xFF;//(/256)
 534   3      
 535   3      tun3=(64535+time2)>>8;  //低电平 延时 1000-time2
 536   3      tun4=(64535+time2)&0xFF;
 537   3      
 538   3      if(abs(Yjiaodu)>170)
 539   3      time2=1;
 540   3      else if(abs(Zjiaodu)>170)
 541   3      time2=1;
 542   3      
 543   3      
 544   3      
 545   3      }
 546   2      
 547   2      }
 548   1      
 549   1      }

C51 COMPILER V7.06   _步进_缁_综__控制                                                    05/09/2014 23:06:17 PAGE 10  


MODULE INFORMATION:   STATIC OVERLAYABLE
   CODE SIZE        =   1578    ----
   CONSTANT SIZE    =   ----    ----
   XDATA SIZE       =   ----    ----
   PDATA SIZE       =   ----    ----
   DATA SIZE        =     93      15
   IDATA SIZE       =   ----    ----
   BIT SIZE         =   ----       1
END OF MODULE INFORMATION.


C51 COMPILATION COMPLETE.  0 WARNING(S),  0 ERROR(S)
